T=0	200	0	0	0	0
T=1	199	1	0	0	0
T=2	199	1	0	0	0
T=3	199	1	0	0	0
T=4	199	1	0	0	0
T=5	199	1	0	0	0
T=6	199	1	0	0	0
T=7	199	1	0	0	0
T=8	199	0	1	0	0
T=9	198	1	0	1	0
T=10	198	1	0	1	0
T=11	198	1	0	1	0
T=12	198	1	0	1	0
T=13	198	1	0	1	0
T=14	198	1	0	1	0
T=15	198	1	0	1	0
T=16	198	0	1	1	0
T=17	197	1	0	2	0
T=18	197	1	0	2	0
T=19	197	1	0	2	0
T=20	197	1	0	2	0
T=21	197	1	0	2	0
T=22	197	1	0	2	0
T=23	197	1	0	2	0
T=24	197	0	1	2	0
T=25	196	1	0	3	0
T=26	196	1	0	3	0
T=27	196	1	0	3	0
T=28	196	1	0	3	0
T=29	196	1	0	3	0
T=30	196	0	1	3	0
T=31	195	1	0	4	0
T=32	195	1	0	4	0
T=33	195	1	0	4	0
T=34	195	1	0	3	1
T=35	195	1	0	3	1
T=36	195	0	1	3	1
T=37	194	1	0	4	1
T=38	194	1	0	4	1
T=39	194	1	0	3	2
T=40	194	1	0	3	2
T=41	194	1	0	3	2
T=42	194	1	0	2	3
T=43	194	1	0	2	3
T=44	194	0	1	2	3
T=45	193	1	0	2	4
T=46	193	1	0	2	4
T=47	193	1	0	2	4
T=48	193	1	0	2	4
T=49	193	1	0	2	4
T=50	193	1	0	1	5
T=51	193	1	0	1	5
T=52	193	0	1	1	5
T=53	192	1	0	2	5
T=54	192	1	0	2	5
T=55	192	1	0	2	5
T=56	192	1	0	2	5
T=57	192	1	0	2	5
T=58	192	1	0	2	5
T=59	192	1	0	2	5
T=60	192	0	1	2	5
T=61	191	1	0	3	5
T=62	191	1	0	3	5
T=63	191	1	0	3	5
T=64	191	1	0	3	5
T=65	191	1	0	3	5
T=66	191	1	0	3	5
T=67	191	1	0	3	5
T=68	191	1	0	3	5
T=69	191	1	0	3	5
T=70	191	1	0	2	6
T=71	191	1	0	2	6
T=72	191	1	0	2	6
T=73	191	1	0	2	6
T=74	191	1	0	2	6
T=75	191	0	1	2	6
T=76	190	1	0	3	6
T=77	190	1	0	3	6
T=78	190	1	0	2	7
T=79	190	1	0	2	7
T=80	190	1	0	2	7
T=81	190	0	1	2	7
T=82	189	1	0	3	7
T=83	189	1	0	3	7
T=84	189	1	0	3	7
T=85	189	1	0	3	7
T=86	189	1	0	2	8
T=87	189	1	0	2	8
T=88	189	1	0	2	8
T=89	189	0	1	2	8
T=90	188	1	0	2	9
T=91	188	1	0	2	9
T=92	188	1	0	2	9
T=93	188	1	0	2	9
T=94	188	1	0	2	9
T=95	188	1	0	2	9
T=96	188	1	0	2	9
T=97	188	1	0	2	9
T=98	188	1	0	2	9
T=99	188	1	0	2	9
T=100	188	1	0	2	9
T=101	188	1	0	2	9
T=102	188	1	0	2	9
T=103	188	1	0	2	9
T=104	188	0	1	2	9
T=105	187	1	0	3	9
T=106	187	1	0	3	9
T=107	187	1	0	3	9
T=108	187	1	0	3	9
T=109	187	1	0	3	9
T=110	187	0	1	3	9
T=111	186	1	0	4	9
T=112	186	1	0	4	9
T=113	186	1	0	3	10
T=114	186	1	0	3	10
T=115	186	1	0	2	11
T=116	186	1	0	2	11
T=117	186	1	0	2	11
T=118	186	1	0	2	11
T=119	186	1	0	1	12
T=120	186	1	0	1	12
T=121	186	1	0	1	12
T=122	186	1	0	1	12
T=123	186	1	0	1	12
T=124	186	1	0	1	12
T=125	186	0	1	1	12
T=126	185	1	0	2	12
T=127	185	1	0	2	12
T=128	185	1	0	2	12
T=129	185	1	0	2	12
T=130	185	1	0	2	12
T=131	185	1	0	2	12
T=132	185	1	0	2	12
T=133	185	0	1	2	12
T=134	184	1	0	3	12
T=135	184	1	0	3	12
T=136	184	1	0	3	12
T=137	184	1	0	3	12
T=138	184	1	0	3	12
T=139	184	0	1	3	12
T=140	183	1	0	4	12
T=141	183	1	0	4	12
T=142	183	1	0	3	13
T=143	183	1	0	3	13
T=144	183	1	0	3	13
T=145	183	1	0	3	13
T=146	183	1	0	3	13
T=147	183	0	1	3	13
T=148	182	1	0	3	14
T=149	182	1	0	3	14
T=150	182	1	0	3	14
T=151	182	1	0	3	14
T=152	182	1	0	3	14
T=153	182	1	0	3	14
T=154	182	1	0	3	14
T=155	182	0	1	3	14
T=156	181	1	0	4	14
T=157	181	1	0	4	14
T=158	181	1	0	4	14
T=159	181	1	0	3	15
T=160	181	1	0	3	15
T=161	181	1	0	3	15
T=162	181	1	0	3	15
T=163	181	0	1	2	16
T=164	180	1	0	3	16
T=165	180	1	0	3	16
T=166	180	1	0	3	16
T=167	180	1	0	3	16
T=168	180	1	0	3	16
T=169	180	0	1	3	16
T=170	179	1	0	4	16
T=171	179	1	0	4	16
T=172	179	1	0	4	16
T=173	179	1	0	3	17
T=174	179	1	0	3	17
T=175	179	1	0	3	17
T=176	179	1	0	3	17
T=177	179	0	1	3	17
T=178	178	1	0	3	18
T=179	178	1	0	3	18
T=180	178	1	0	3	18
T=181	178	1	0	2	19
T=182	178	1	0	2	19
T=183	178	1	0	2	19
T=184	178	1	0	2	19
T=185	178	1	0	2	19
T=186	178	1	0	2	19
T=187	178	1	0	2	19
T=188	178	1	0	2	19
T=189	178	1	0	1	20
T=190	178	1	0	1	20
T=191	178	1	0	1	20
T=192	178	0	1	1	20
T=193	177	1	0	2	20
T=194	177	1	0	2	20
T=195	177	1	0	2	20
T=196	177	1	0	2	20
T=197	177	1	0	2	20
T=198	177	1	0	2	20
T=199	177	1	0	2	20
T=200	177	0	1	2	20
T=201	176	1	0	3	20
T=202	176	1	0	3	20
T=203	176	1	0	2	21
T=204	176	1	0	2	21
T=205	176	1	0	2	21
T=206	176	1	0	2	21
T=207	176	1	0	2	21
T=208	176	0	1	2	21
T=209	175	1	0	3	21
T=210	175	1	0	3	21
T=211	175	1	0	3	21
T=212	175	1	0	3	21
T=213	175	1	0	3	21
T=214	175	1	0	3	21
T=215	175	1	0	3	21
T=216	175	0	1	3	21
T=217	174	1	0	4	21
T=218	174	1	0	4	21
T=219	174	1	0	4	21
T=220	174	1	0	4	21
T=221	174	1	0	4	21
T=222	174	1	0	4	21
T=223	174	1	0	4	21
T=224	174	0	1	4	21
T=225	173	1	0	5	21
T=226	173	1	0	4	22
T=227	173	1	0	4	22
T=228	173	1	0	4	22
T=229	173	1	0	4	22
T=230	173	1	0	3	23
T=231	173	1	0	3	23
T=232	173	0	1	3	23
T=233	172	1	0	4	23
T=234	172	1	0	3	24
T=235	172	1	0	3	24
T=236	172	1	0	3	24
T=237	172	1	0	3	24
T=238	172	1	0	3	24
T=239	172	1	0	3	24
T=240	172	1	0	3	24
T=241	172	1	0	3	24
T=242	172	1	0	2	25
T=243	172	1	0	2	25
T=244	172	1	0	2	25
T=245	172	1	0	2	25
T=246	172	1	0	2	25
T=247	172	0	1	2	25
T=248	171	1	0	3	25
T=249	171	1	0	3	25
T=250	171	1	0	2	26
T=251	171	1	0	2	26
T=252	171	1	0	2	26
T=253	171	1	0	2	26
T=254	171	1	0	2	26
T=255	171	0	1	2	26
T=256	170	1	0	3	26
T=257	170	1	0	3	26
T=258	170	1	0	2	27
T=259	170	1	0	2	27
T=260	170	1	0	2	27
T=261	170	1	0	2	27
T=262	170	1	0	2	27
T=263	170	0	1	2	27
T=264	169	1	0	3	27
T=265	169	1	0	3	27
T=266	169	1	0	3	27
T=267	169	1	0	3	27
T=268	169	1	0	3	27
T=269	169	1	0	3	27
T=270	169	1	0	3	27
T=271	169	0	1	3	27
T=272	168	1	0	4	27
T=273	168	1	0	4	27
T=274	168	1	0	4	27
T=275	168	1	0	4	27
T=276	168	1	0	4	27
T=277	168	1	0	4	27
T=278	168	1	0	4	27
T=279	168	1	0	4	27
T=280	168	1	0	4	27
T=281	168	1	0	3	28
T=282	168	1	0	3	28
T=283	168	1	0	3	28
T=284	168	1	0	3	28
T=285	168	1	0	2	29
T=286	168	0	1	2	29
T=287	167	1	0	3	29
T=288	167	1	0	3	29
T=289	167	1	0	2	30
T=290	167	1	0	2	30
T=291	167	1	0	2	30
T=292	167	0	1	2	30
T=293	166	1	0	3	30
T=294	166	1	0	3	30
T=295	166	1	0	3	30
T=296	166	1	0	3	30
T=297	166	1	0	2	31
T=298	166	1	0	2	31
T=299	166	1	0	2	31
T=300	166	1	0	2	31
T=301	166	1	0	1	32
T=302	166	1	0	1	32
T=303	166	1	0	1	32
T=304	166	1	0	1	32
T=305	166	1	0	1	32
T=306	166	1	0	1	32
T=307	166	0	1	1	32
T=308	165	1	0	2	32
T=309	165	1	0	2	32
T=310	165	1	0	2	32
T=311	165	1	0	2	32
T=312	165	1	0	2	32
T=313	165	1	0	2	32
T=314	165	1	0	2	32
T=315	165	1	0	2	32
T=316	165	1	0	2	32
T=317	165	1	0	2	32
T=318	165	1	0	2	32
T=319	165	1	0	2	32
T=320	165	1	0	2	32
T=321	165	1	0	2	32
T=322	165	0	1	2	32
T=323	164	1	0	3	32
T=324	164	1	0	2	33
T=325	164	1	0	2	33
T=326	164	1	0	2	33
T=327	164	1	0	2	33
T=328	164	0	1	2	33
T=329	163	1	0	3	33
T=330	163	1	0	3	33
T=331	163	1	0	3	33
T=332	163	1	0	3	33
T=333	163	1	0	3	33
T=334	163	0	1	3	33
T=335	162	1	0	4	33
T=336	162	1	0	4	33
T=337	162	1	0	3	34
T=338	162	1	0	3	34
T=339	162	1	0	3	34
T=340	162	1	0	3	34
T=341	162	1	0	3	34
T=342	162	0	1	3	34
T=343	161	1	0	3	35
T=344	161	1	0	3	35
T=345	161	1	0	2	36
T=346	161	1	0	2	36
T=347	161	1	0	2	36
T=348	161	0	1	2	36
T=349	160	1	0	3	36
T=350	160	1	0	3	36
T=351	160	1	0	3	36
T=352	160	1	0	3	36
T=353	160	1	0	3	36
T=354	160	1	0	3	36
T=355	160	1	0	3	36
T=356	160	0	1	3	36
T=357	159	1	0	3	37
T=358	159	1	0	3	37
T=359	159	1	0	3	37
T=360	159	1	0	2	38
T=361	159	1	0	2	38
T=362	159	0	1	2	38
T=363	158	1	0	3	38
T=364	158	1	0	3	38
T=365	158	1	0	3	38
T=366	158	1	0	3	38
T=367	158	1	0	3	38
T=368	158	0	1	2	39
T=369	157	1	0	3	39
T=370	157	1	0	3	39
T=371	157	1	0	2	40
T=372	157	1	0	2	40
T=373	157	1	0	2	40
T=374	157	1	0	2	40
T=375	157	1	0	2	40
T=376	157	0	1	2	40
T=377	156	1	0	2	41
T=378	156	1	0	2	41
T=379	156	1	0	2	41
T=380	156	1	0	2	41
T=381	156	1	0	2	41
T=382	156	1	0	1	42
T=383	156	1	0	1	42
T=384	156	0	1	1	42
T=385	155	1	0	2	42
T=386	155	1	0	2	42
T=387	155	1	0	2	42
T=388	155	1	0	2	42
T=389	155	1	0	2	42
T=390	155	1	0	2	42
T=391	155	1	0	2	42
T=392	155	0	1	2	42
T=393	154	1	0	3	42
T=394	154	1	0	3	42
T=395	154	1	0	3	42
T=396	154	1	0	3	42
T=397	154	1	0	3	42
T=398	154	1	0	3	42
T=399	154	1	0	3	42
T=400	154	0	1	3	42
T=401	153	1	0	4	42
T=402	153	1	0	3	43
T=403	153	1	0	3	43
T=404	153	1	0	3	43
T=405	153	1	0	3	43
T=406	153	1	0	3	43
T=407	153	1	0	3	43
T=408	153	0	1	3	43
T=409	152	1	0	4	43
T=410	152	1	0	3	44
T=411	152	1	0	3	44
T=412	152	1	0	3	44
T=413	152	1	0	3	44
T=414	152	0	1	3	44
T=415	151	1	0	4	44
T=416	151	1	0	4	44
T=417	151	1	0	4	44
T=418	151	1	0	3	45
T=419	151	1	0	3	45
T=420	151	1	0	3	45
T=421	151	1	0	3	45
T=422	151	0	1	3	45
T=423	150	1	0	3	46
T=424	150	1	0	3	46
T=425	150	1	0	3	46
T=426	150	1	0	2	47
T=427	150	1	0	2	47
T=428	150	1	0	2	47
T=429	150	1	0	2	47
T=430	150	1	0	2	47
T=431	150	1	0	2	47
T=432	150	1	0	2	47
T=433	150	1	0	2	47
T=434	150	1	0	1	48
T=435	150	1	0	1	48
T=436	150	1	0	1	48
T=437	150	0	1	1	48
T=438	149	1	0	2	48
T=439	149	1	0	2	48
T=440	149	1	0	2	48
T=441	149	1	0	2	48
T=442	149	1	0	2	48
T=443	149	0	1	2	48
T=444	148	1	0	3	48
T=445	148	1	0	3	48
T=446	148	1	0	3	48
T=447	148	1	0	3	48
T=448	148	1	0	2	49
T=449	148	1	0	2	49
T=450	148	1	0	2	49
T=451	148	0	1	2	49
T=452	147	1	0	2	50
T=453	147	1	0	2	50
T=454	147	1	0	2	50
T=455	147	1	0	2	50
T=456	147	1	0	2	50
T=457	147	1	0	2	50
T=458	147	1	0	2	50
T=459	147	1	0	2	50
T=460	147	1	0	2	50
T=461	147	1	0	2	50
T=462	147	1	0	2	50
T=463	147	1	0	2	50
T=464	147	1	0	2	50
T=465	147	1	0	2	50
T=466	147	0	1	2	50
T=467	146	1	0	3	50
T=468	146	1	0	3	50
T=469	146	1	0	3	50
T=470	146	1	0	3	50
T=471	146	1	0	3	50
T=472	146	0	1	3	50
T=473	145	1	0	4	50
T=474	145	1	0	4	50
T=475	145	1	0	3	51
T=476	145	1	0	3	51
T=477	145	1	0	2	52
T=478	145	1	0	2	52
T=479	145	1	0	2	52
T=480	145	0	1	2	52
T=481	144	1	0	2	53
T=482	144	1	0	2	53
T=483	144	1	0	2	53
T=484	144	1	0	2	53
T=485	144	1	0	2	53
T=486	144	1	0	2	53
T=487	144	1	0	2	53
T=488	144	1	0	2	53
T=489	144	1	0	2	53
T=490	144	1	0	2	53
T=491	144	1	0	2	53
T=492	144	1	0	2	53
T=493	144	1	0	2	53
T=494	144	1	0	2	53
T=495	144	0	1	2	53
T=496	143	1	0	3	53
T=497	143	1	0	3	53
T=498	143	1	0	3	53
T=499	143	1	0	3	53
T=500	143	1	0	3	53
T=501	143	1	0	3	53
T=502	143	1	0	3	53
T=503	143	1	0	3	53
T=504	143	1	0	2	54
T=505	143	1	0	2	54
T=506	143	1	0	1	55
T=507	143	1	0	1	55
T=508	143	1	0	1	55
T=509	143	1	0	1	55
T=510	143	0	1	1	55
T=511	142	1	0	2	55
T=512	142	1	0	2	55
T=513	142	1	0	2	55
T=514	142	1	0	2	55
T=515	142	1	0	2	55
T=516	142	1	0	2	55
T=517	142	1	0	2	55
T=518	142	1	0	2	55
T=519	142	1	0	2	55
T=520	142	1	0	2	55
T=521	142	1	0	2	55
T=522	142	1	0	2	55
T=523	142	1	0	2	55
T=524	142	1	0	2	55
T=525	142	0	1	2	55
T=526	141	1	0	3	55
T=527	141	1	0	3	55
T=528	141	1	0	3	55
T=529	141	1	0	3	55
T=530	141	1	0	3	55
T=531	141	1	0	3	55
T=532	141	1	0	3	55
T=533	141	0	1	2	56
T=534	140	1	0	3	56
T=535	140	1	0	3	56
T=536	140	1	0	3	56
T=537	140	1	0	3	56
T=538	140	1	0	3	56
T=539	140	1	0	3	56
T=540	140	1	0	3	56
T=541	140	1	0	3	56
T=542	140	1	0	3	56
T=543	140	1	0	3	56
T=544	140	1	0	3	56
T=545	140	1	0	3	56
T=546	140	1	0	3	56
T=547	140	1	0	3	56
T=548	140	0	1	2	57
T=549	139	1	0	3	57
T=550	139	1	0	3	57
T=551	139	1	0	3	57
T=552	139	1	0	3	57
T=553	139	1	0	3	57
T=554	139	0	1	3	57
T=555	138	1	0	4	57
T=556	138	1	0	4	57
T=557	138	1	0	4	57
T=558	138	1	0	4	57
T=559	138	1	0	3	58
T=560	138	1	0	3	58
T=561	138	1	0	3	58
T=562	138	1	0	3	58
T=563	138	1	0	1	60
T=564	138	1	0	1	60
T=565	138	1	0	1	60
T=566	138	1	0	1	60
T=567	138	1	0	1	60
T=568	138	1	0	1	60
T=569	138	0	1	1	60
T=570	137	1	0	2	60
T=571	137	1	0	2	60
T=572	137	1	0	2	60
T=573	137	1	0	2	60
T=574	137	1	0	2	60
T=575	137	1	0	2	60
T=576	137	1	0	2	60
T=577	137	0	1	2	60
T=578	136	1	0	3	60
T=579	136	1	0	3	60
T=580	136	1	0	3	60
T=581	136	1	0	3	60
T=582	136	1	0	3	60
T=583	136	1	0	3	60
T=584	136	1	0	3	60
T=585	136	0	1	3	60
T=586	135	1	0	3	61
T=587	135	1	0	3	61
T=588	135	1	0	3	61
T=589	135	1	0	3	61
T=590	135	1	0	3	61
T=591	135	1	0	3	61
T=592	135	1	0	3	61
T=593	135	0	1	3	61
T=594	134	1	0	4	61
T=595	134	1	0	4	61
T=596	134	1	0	4	61
T=597	134	1	0	4	61
T=598	134	1	0	4	61
T=599	134	1	0	4	61
T=600	134	1	0	4	61
T=601	134	1	0	4	61
T=602	134	1	0	4	61
T=603	134	1	0	3	62
T=604	134	1	0	3	62
T=605	134	1	0	3	62
T=606	134	1	0	3	62
T=607	134	1	0	2	63
T=608	134	0	1	2	63
T=609	133	1	0	3	63
T=610	133	1	0	3	63
T=611	133	1	0	2	64
T=612	133	1	0	2	64
T=613	133	1	0	2	64
T=614	133	1	0	2	64
T=615	133	1	0	2	64
T=616	133	1	0	2	64
T=617	133	1	0	2	64
T=618	133	1	0	2	64
T=619	133	1	0	1	65
T=620	133	1	0	1	65
T=621	133	1	0	1	65
T=622	133	1	0	1	65
T=623	133	0	1	1	65
T=624	132	1	0	2	65
T=625	132	1	0	2	65
T=626	132	1	0	2	65
T=627	132	1	0	2	65
T=628	132	1	0	2	65
T=629	132	1	0	2	65
T=630	132	1	0	2	65
T=631	132	0	1	2	65
T=632	131	1	0	3	65
T=633	131	1	0	3	65
T=634	131	1	0	3	65
T=635	131	1	0	3	65
T=636	131	1	0	3	65
T=637	131	1	0	3	65
T=638	131	1	0	3	65
T=639	131	0	1	3	65
T=640	130	1	0	4	65
T=641	130	1	0	4	65
T=642	130	1	0	4	65
T=643	130	1	0	4	65
T=644	130	1	0	4	65
T=645	130	1	0	4	65
T=646	130	1	0	3	66
T=647	130	0	1	3	66
T=648	129	1	0	4	66
T=649	129	1	0	4	66
T=650	129	1	0	4	66
T=651	129	1	0	4	66
T=652	129	1	0	4	66
T=653	129	1	0	4	66
T=654	129	1	0	4	66
T=655	129	1	0	4	66
T=656	129	1	0	4	66
T=657	129	1	0	3	67
T=658	129	1	0	3	67
T=659	129	1	0	3	67
T=660	129	1	0	3	67
T=661	129	1	0	2	68
T=662	129	0	1	2	68
T=663	128	1	0	3	68
T=664	128	1	0	3	68
T=665	128	1	0	2	69
T=666	128	1	0	2	69
T=667	128	1	0	2	69
T=668	128	1	0	2	69
T=669	128	1	0	2	69
T=670	128	0	1	2	69
T=671	127	1	0	3	69
T=672	127	1	0	3	69
T=673	127	1	0	2	70
T=674	127	1	0	2	70
T=675	127	1	0	2	70
T=676	127	1	0	2	70
T=677	127	1	0	2	70
T=678	127	1	0	2	70
T=679	127	1	0	2	70
T=680	127	1	0	2	70
T=681	127	1	0	2	70
T=682	127	1	0	2	70
T=683	127	1	0	2	70
T=684	127	1	0	2	70
T=685	127	0	1	2	70
T=686	126	1	0	3	70
T=687	126	1	0	3	70
T=688	126	1	0	3	70
T=689	126	1	0	3	70
T=690	126	1	0	3	70
T=691	126	1	0	3	70
T=692	126	1	0	3	70
T=693	126	1	0	3	70
T=694	126	1	0	3	70
T=695	126	1	0	3	70
T=696	126	1	0	2	71
T=697	126	1	0	2	71
T=698	126	1	0	2	71
T=699	126	1	0	2	71
T=700	126	0	1	1	72
T=701	125	1	0	2	72
T=702	125	1	0	2	72
T=703	125	1	0	2	72
T=704	125	1	0	2	72
T=705	125	1	0	2	72
T=706	125	1	0	2	72
T=707	125	1	0	2	72
T=708	125	1	0	2	72
T=709	125	1	0	2	72
T=710	125	1	0	2	72
T=711	125	1	0	2	72
T=712	125	1	0	2	72
T=713	125	1	0	2	72
T=714	125	1	0	2	72
T=715	125	0	1	2	72
T=716	124	1	0	3	72
T=717	124	1	0	3	72
T=718	124	1	0	3	72
T=719	124	1	0	3	72
T=720	124	1	0	3	72
T=721	124	1	0	3	72
T=722	124	1	0	3	72
T=723	124	0	1	2	73
T=724	123	1	0	3	73
T=725	123	1	0	3	73
T=726	123	1	0	3	73
T=727	123	1	0	3	73
T=728	123	1	0	3	73
T=729	123	0	1	3	73
T=730	122	1	0	4	73
T=731	122	1	0	4	73
T=732	122	1	0	4	73
T=733	122	1	0	4	73
T=734	122	1	0	4	73
T=735	122	1	0	4	73
T=736	122	1	0	4	73
T=737	122	0	1	4	73
T=738	121	1	0	3	75
T=739	121	1	0	3	75
T=740	121	1	0	3	75
T=741	121	1	0	3	75
T=742	121	1	0	3	75
T=743	121	1	0	3	75
T=744	121	1	0	3	75
T=745	121	0	1	3	75
T=746	120	1	0	4	75
T=747	120	1	0	4	75
T=748	120	1	0	4	75
T=749	120	1	0	3	76
T=750	120	1	0	3	76
T=751	120	1	0	3	76
T=752	120	1	0	3	76
T=753	120	0	1	2	77
T=754	119	1	0	3	77
T=755	119	1	0	3	77
T=756	119	1	0	3	77
T=757	119	1	0	3	77
T=758	119	1	0	3	77
T=759	119	1	0	3	77
T=760	119	1	0	3	77
T=761	119	0	1	3	77
T=762	118	1	0	4	77
T=763	118	1	0	3	78
T=764	118	1	0	3	78
T=765	118	1	0	3	78
T=766	118	1	0	3	78
T=767	118	1	0	3	78
T=768	118	1	0	3	78
T=769	118	1	0	3	78
T=770	118	1	0	3	78
T=771	118	1	0	2	79
T=772	118	1	0	2	79
T=773	118	1	0	2	79
T=774	118	1	0	2	79
T=775	118	1	0	2	79
T=776	118	0	1	2	79
T=777	117	1	0	3	79
T=778	117	1	0	3	79
T=779	117	1	0	2	80
T=780	117	1	0	2	80
T=781	117	1	0	2	80
T=782	117	0	1	2	80
T=783	116	1	0	3	80
T=784	116	1	0	3	80
T=785	116	1	0	3	80
T=786	116	1	0	3	80
T=787	116	1	0	2	81
T=788	116	1	0	2	81
T=789	116	1	0	2	81
T=790	116	1	0	2	81
T=791	116	1	0	1	82
T=792	116	1	0	1	82
T=793	116	1	0	1	82
T=794	116	1	0	1	82
T=795	116	1	0	1	82
T=796	116	1	0	1	82
T=797	116	0	1	1	82
T=798	115	1	0	2	82
T=799	115	1	0	2	82
T=800	115	1	0	2	82
T=801	115	1	0	2	82
T=802	115	1	0	2	82
T=803	115	1	0	2	82
T=804	115	1	0	2	82
T=805	115	0	1	2	82
T=806	114	1	0	3	82
T=807	114	1	0	3	82
T=808	114	1	0	3	82
T=809	114	1	0	3	82
T=810	114	1	0	3	82
T=811	114	1	0	3	82
T=812	114	1	0	3	82
T=813	114	0	1	3	82
T=814	113	1	0	3	83
T=815	113	1	0	3	83
T=816	113	1	0	3	83
T=817	113	1	0	3	83
T=818	113	1	0	3	83
T=819	113	1	0	3	83
T=820	113	1	0	3	83
T=821	113	0	1	3	83
T=822	112	1	0	4	83
T=823	112	1	0	4	83
T=824	112	1	0	4	83
T=825	112	1	0	4	83
T=826	112	1	0	4	83
T=827	112	1	0	4	83
T=828	112	1	0	4	83
T=829	112	0	1	4	83
T=830	111	1	0	5	83
T=831	111	1	0	4	84
T=832	111	1	0	4	84
T=833	111	1	0	4	84
T=834	111	1	0	4	84
T=835	111	1	0	3	85
T=836	111	1	0	3	85
T=837	111	0	1	3	85
T=838	110	1	0	4	85
T=839	110	1	0	3	86
T=840	110	1	0	3	86
T=841	110	1	0	3	86
T=842	110	1	0	3	86
T=843	110	1	0	3	86
T=844	110	1	0	3	86
T=845	110	1	0	3	86
T=846	110	1	0	3	86
T=847	110	1	0	2	87
T=848	110	1	0	2	87
T=849	110	1	0	2	87
T=850	110	1	0	2	87
T=851	110	1	0	2	87
T=852	110	0	1	2	87
T=853	109	1	0	3	87
T=854	109	1	0	3	87
T=855	109	1	0	2	88
T=856	109	1	0	2	88
T=857	109	1	0	2	88
T=858	109	1	0	2	88
T=859	109	1	0	2	88
T=860	109	0	1	2	88
T=861	108	1	0	3	88
T=862	108	1	0	3	88
T=863	108	1	0	2	89
T=864	108	1	0	2	89
T=865	108	1	0	2	89
T=866	108	1	0	2	89
T=867	108	1	0	2	89
T=868	108	0	1	2	89
T=869	107	1	0	3	89
T=870	107	1	0	3	89
T=871	107	1	0	3	89
T=872	107	1	0	3	89
T=873	107	1	0	3	89
T=874	107	0	1	3	89
T=875	106	1	0	4	89
T=876	106	1	0	4	89
T=877	106	1	0	4	89
T=878	106	1	0	4	89
T=879	106	1	0	4	89
T=880	106	1	0	4	89
T=881	106	1	0	4	89
T=882	106	0	1	4	89
T=883	105	1	0	4	90
T=884	105	1	0	4	90
T=885	105	1	0	4	90
T=886	105	1	0	3	91
T=887	105	1	0	3	91
T=888	105	1	0	3	91
T=889	105	1	0	3	91
T=890	105	0	1	2	92
T=891	104	1	0	3	92
T=892	104	1	0	3	92
T=893	104	1	0	3	92
T=894	104	1	0	2	93
T=895	104	1	0	2	93
T=896	104	1	0	2	93
T=897	104	1	0	2	93
T=898	104	0	1	2	93
T=899	103	1	0	3	93
T=900	103	1	0	3	93
T=901	103	1	0	3	93
T=902	103	1	0	3	93
T=903	103	1	0	3	93
T=904	103	1	0	3	93
T=905	103	1	0	3	93
T=906	103	0	1	3	93
T=907	102	1	0	4	93
T=908	102	1	0	3	94
T=909	102	1	0	3	94
T=910	102	1	0	3	94
T=911	102	1	0	3	94
T=912	102	1	0	3	94
T=913	102	1	0	3	94
T=914	102	0	1	3	94
T=915	101	1	0	4	94
T=916	101	1	0	3	95
T=917	101	1	0	3	95
T=918	101	1	0	3	95
T=919	101	1	0	3	95
T=920	101	0	1	3	95
T=921	100	1	0	4	95
T=922	100	1	0	4	95
T=923	100	1	0	4	95
T=924	100	1	0	3	96
T=925	100	1	0	3	96
T=926	100	0	1	3	96
T=927	99	1	0	4	96
T=928	99	1	0	4	96
T=929	99	1	0	3	97
T=930	99	1	0	3	97
T=931	99	1	0	3	97
T=932	99	1	0	2	98
T=933	99	1	0	2	98
T=934	99	0	1	2	98
T=935	98	1	0	2	99
T=936	98	1	0	2	99
T=937	98	1	0	2	99
T=938	98	1	0	2	99
T=939	98	1	0	2	99
T=940	98	1	0	1	100
T=941	98	1	0	1	100
T=942	98	0	1	1	100
T=943	97	1	0	2	100
T=944	97	1	0	2	100
T=945	97	1	0	2	100
T=946	97	1	0	2	100
T=947	97	1	0	2	100
T=948	97	0	1	2	100
T=949	96	1	0	3	100
T=950	96	1	0	3	100
T=951	96	1	0	3	100
T=952	96	1	0	3	100
T=953	96	1	0	3	100
T=954	96	1	0	3	100
T=955	96	1	0	3	100
T=956	96	1	0	3	100
T=957	96	1	0	2	101
T=958	96	1	0	2	101
T=959	96	1	0	2	101
T=960	96	1	0	1	102
T=961	96	1	0	1	102
T=962	96	1	0	1	102
T=963	96	0	1	1	102
T=964	95	1	0	2	102
T=965	95	1	0	2	102
T=966	95	1	0	2	102
T=967	95	1	0	2	102
T=968	95	1	0	1	103
T=969	95	1	0	1	103
T=970	95	1	0	1	103
T=971	95	0	1	1	103
T=972	94	1	0	2	103
T=973	94	1	0	2	103
T=974	94	1	0	2	103
T=975	94	1	0	2	103
T=976	94	1	0	2	103
T=977	94	1	0	2	103
T=978	94	1	0	2	103
T=979	94	0	1	2	103
T=980	93	1	0	3	103
T=981	93	1	0	3	103
T=982	93	1	0	3	103
T=983	93	1	0	3	103
T=984	93	1	0	3	103
T=985	93	1	0	3	103
T=986	93	1	0	3	103
T=987	93	0	1	3	103
T=988	92	1	0	4	103
T=989	92	1	0	4	103
T=990	92	1	0	4	103
T=991	92	1	0	4	103
T=992	92	1	0	4	103
T=993	92	1	0	4	103
T=994	92	1	0	4	103
T=995	92	1	0	4	103
T=996	92	1	0	4	103
T=997	92	1	0	3	104
T=998	92	1	0	3	104
T=999	92	1	0	3	104
T=1000	92	1	0	3	104
T=1001	92	1	0	2	105
T=1002	92	0	1	2	105
T=1003	91	1	0	3	105
T=1004	91	1	0	3	105
T=1005	91	1	0	2	106
T=1006	91	1	0	2	106
T=1007	91	1	0	2	106
T=1008	91	0	1	2	106
T=1009	90	1	0	3	106
T=1010	90	1	0	3	106
T=1011	90	1	0	3	106
T=1012	90	1	0	3	106
T=1013	90	1	0	2	107
T=1014	90	1	0	2	107
T=1015	90	1	0	2	107
T=1016	90	0	1	2	107
T=1017	89	1	0	2	108
T=1018	89	1	0	2	108
T=1019	89	1	0	2	108
T=1020	89	1	0	2	108
T=1021	89	1	0	2	108
T=1022	89	1	0	2	108
T=1023	89	1	0	2	108
T=1024	89	1	0	2	108
T=1025	89	1	0	2	108
T=1026	89	1	0	2	108
T=1027	89	1	0	2	108
T=1028	89	1	0	2	108
T=1029	89	1	0	2	108
T=1030	89	1	0	2	108
T=1031	89	0	1	2	108
T=1032	88	1	0	3	108
T=1033	88	1	0	3	108
T=1034	88	1	0	3	108
T=1035	88	1	0	3	108
T=1036	88	1	0	3	108
T=1037	88	1	0	3	108
T=1038	88	1	0	3	108
T=1039	88	0	1	3	108
T=1040	87	1	0	3	109
T=1041	87	1	0	3	109
T=1042	87	1	0	2	110
T=1043	87	1	0	2	110
T=1044	87	1	0	2	110
T=1045	87	1	0	2	110
T=1046	87	1	0	2	110
T=1047	87	0	1	2	110
T=1048	86	1	0	3	110
T=1049	86	1	0	3	110
T=1050	86	1	0	3	110
T=1051	86	1	0	3	110
T=1052	86	1	0	3	110
T=1053	86	1	0	3	110
T=1054	86	1	0	3	110
T=1055	86	0	1	3	110
T=1056	85	1	0	4	110
T=1057	85	1	0	4	110
T=1058	85	1	0	4	110
T=1059	85	1	0	4	110
T=1060	85	1	0	4	110
T=1061	85	0	1	4	110
T=1062	84	1	0	5	110
T=1063	84	1	0	5	110
T=1064	84	1	0	5	110
T=1065	84	1	0	4	111
T=1066	84	1	0	4	111
T=1067	84	1	0	4	111
T=1068	84	1	0	4	111
T=1069	84	0	1	3	112
T=1070	83	1	0	3	113
T=1071	83	1	0	3	113
T=1072	83	1	0	3	113
T=1073	83	1	0	2	114
T=1074	83	1	0	2	114
T=1075	83	1	0	2	114
T=1076	83	1	0	2	114
T=1077	83	0	1	2	114
T=1078	82	1	0	3	114
T=1079	82	1	0	3	114
T=1080	82	1	0	3	114
T=1081	82	1	0	2	115
T=1082	82	1	0	2	115
T=1083	82	1	0	2	115
T=1084	82	1	0	2	115
T=1085	82	1	0	2	115
T=1086	82	1	0	2	115
T=1087	82	1	0	2	115
T=1088	82	1	0	2	115
T=1089	82	1	0	2	115
T=1090	82	1	0	2	115
T=1091	82	1	0	2	115
T=1092	82	0	1	2	115
T=1093	81	1	0	3	115
T=1094	81	1	0	3	115
T=1095	81	1	0	2	116
T=1096	81	1	0	2	116
T=1097	81	1	0	2	116
T=1098	81	1	0	2	116
T=1099	81	1	0	2	116
T=1100	81	0	1	2	116
T=1101	80	1	0	3	116
T=1102	80	1	0	3	116
T=1103	80	1	0	2	117
T=1104	80	1	0	2	117
T=1105	80	1	0	2	117
T=1106	80	1	0	2	117
T=1107	80	1	0	2	117
T=1108	80	0	1	2	117
T=1109	79	1	0	3	117
T=1110	79	1	0	3	117
T=1111	79	1	0	3	117
T=1112	79	1	0	3	117
T=1113	79	1	0	3	117
T=1114	79	1	0	3	117
T=1115	79	1	0	3	117
T=1116	79	1	0	3	117
T=1117	79	1	0	3	117
T=1118	79	1	0	3	117
T=1119	79	1	0	3	117
T=1120	79	1	0	3	117
T=1121	79	1	0	3	117
T=1122	79	1	0	3	117
T=1123	79	0	1	3	117
T=1124	78	1	0	4	117
T=1125	78	1	0	4	117
T=1126	78	1	0	3	118
T=1127	78	1	0	3	118
T=1128	78	1	0	3	118
T=1129	78	0	1	3	118
T=1130	77	1	0	3	119
T=1131	77	1	0	3	119
T=1132	77	1	0	3	119
T=1133	77	1	0	3	119
T=1134	77	1	0	2	120
T=1135	77	1	0	2	120
T=1136	77	1	0	2	120
T=1137	77	1	0	2	120
T=1138	77	1	0	1	121
T=1139	77	1	0	1	121
T=1140	77	1	0	1	121
T=1141	77	1	0	1	121
T=1142	77	1	0	1	121
T=1143	77	1	0	1	121
T=1144	77	0	1	1	121
T=1145	76	1	0	2	121
T=1146	76	1	0	2	121
T=1147	76	1	0	2	121
T=1148	76	1	0	2	121
T=1149	76	1	0	2	121
T=1150	76	1	0	2	121
T=1151	76	1	0	2	121
T=1152	76	1	0	2	121
T=1153	76	1	0	2	121
T=1154	76	1	0	2	121
T=1155	76	1	0	2	121
T=1156	76	1	0	2	121
T=1157	76	1	0	2	121
T=1158	76	1	0	2	121
T=1159	76	0	1	2	121
T=1160	75	1	0	3	121
T=1161	75	1	0	2	122
T=1162	75	1	0	2	122
T=1163	75	1	0	2	122
T=1164	75	1	0	2	122
T=1165	75	1	0	2	122
T=1166	75	1	0	2	122
T=1167	75	1	0	2	122
T=1168	75	1	0	2	122
T=1169	75	1	0	2	122
T=1170	75	1	0	2	122
T=1171	75	1	0	2	122
T=1172	75	1	0	2	122
T=1173	75	1	0	2	122
T=1174	75	0	1	2	122
T=1175	74	1	0	3	122
T=1176	74	1	0	3	122
T=1177	74	1	0	3	122
T=1178	74	1	0	3	122
T=1179	74	1	0	3	122
T=1180	74	1	0	3	122
T=1181	74	1	0	3	122
T=1182	74	0	1	2	123
T=1183	73	1	0	3	123
T=1184	73	1	0	3	123
T=1185	73	1	0	3	123
T=1186	73	1	0	3	123
T=1187	73	1	0	3	123
T=1188	73	1	0	3	123
T=1189	73	1	0	3	123
T=1190	73	1	0	3	123
T=1191	73	1	0	3	123
T=1192	73	1	0	3	123
T=1193	73	1	0	3	123
T=1194	73	1	0	3	123
T=1195	73	1	0	3	123
T=1196	73	1	0	3	123
T=1197	73	0	1	2	124
T=1198	72	1	0	3	124
T=1199	72	1	0	3	124
T=1200	72	1	0	3	124
T=1201	72	1	0	3	124
T=1202	72	1	0	3	124
T=1203	72	1	0	3	124
T=1204	72	1	0	3	124
T=1205	72	0	1	3	124
T=1206	71	1	0	4	124
T=1207	71	1	0	4	124
T=1208	71	1	0	3	125
T=1209	71	1	0	3	125
T=1210	71	1	0	3	125
T=1211	71	1	0	3	125
T=1212	71	1	0	2	126
T=1213	71	1	0	2	126
T=1214	71	1	0	2	126
T=1215	71	1	0	2	126
T=1216	71	1	0	2	126
T=1217	71	1	0	2	126
T=1218	71	1	0	2	126
T=1219	71	1	0	2	126
T=1220	71	0	1	2	126
T=1221	70	1	0	3	126
T=1222	70	1	0	3	126
T=1223	70	1	0	3	126
T=1224	70	1	0	3	126
T=1225	70	1	0	3	126
T=1226	70	1	0	3	126
T=1227	70	1	0	3	126
T=1228	70	0	1	3	126
T=1229	69	1	0	4	126
T=1230	69	1	0	4	126
T=1231	69	1	0	3	127
T=1232	69	1	0	3	127
T=1233	69	1	0	3	127
T=1234	69	1	0	3	127
T=1235	69	1	0	2	128
T=1236	69	0	1	2	128
T=1237	68	1	0	3	128
T=1238	68	1	0	3	128
T=1239	68	1	0	3	128
T=1240	68	1	0	3	128
T=1241	68	1	0	3	128
T=1242	68	0	1	3	128
T=1243	67	1	0	4	128
T=1244	67	1	0	4	128
T=1245	67	1	0	4	128
T=1246	67	1	0	4	128
T=1247	67	1	0	4	128
T=1248	67	1	0	4	128
T=1249	67	1	0	4	128
T=1250	67	0	1	4	128
T=1251	66	1	0	4	129
T=1252	66	1	0	4	129
T=1253	66	1	0	4	129
T=1254	66	1	0	3	130
T=1255	66	1	0	3	130
T=1256	66	0	1	3	130
T=1257	65	1	0	4	130
T=1258	65	1	0	3	131
T=1259	65	1	0	3	131
T=1260	65	1	0	3	131
T=1261	65	1	0	3	131
T=1262	65	0	1	2	132
T=1263	64	1	0	3	132
T=1264	64	1	0	3	132
T=1265	64	1	0	2	133
T=1266	64	1	0	2	133
T=1267	64	1	0	2	133
T=1268	64	1	0	2	133
T=1269	64	1	0	2	133
T=1270	64	0	1	2	133
T=1271	63	1	0	2	134
T=1272	63	1	0	2	134
T=1273	63	1	0	2	134
T=1274	63	1	0	2	134
T=1275	63	1	0	2	134
T=1276	63	1	0	1	135
T=1277	63	1	0	1	135
T=1278	63	1	0	1	135
T=1279	63	1	0	1	135
T=1280	63	1	0	1	135
T=1281	63	1	0	1	135
T=1282	63	1	0	1	135
T=1283	63	1	0	1	135
T=1284	63	1	0	1	135
T=1285	63	0	1	1	135
T=1286	62	1	0	2	135
T=1287	62	1	0	2	135
T=1288	62	1	0	2	135
T=1289	62	1	0	2	135
T=1290	62	1	0	2	135
T=1291	62	0	1	2	135
T=1292	61	1	0	3	135
T=1293	61	1	0	3	135
T=1294	61	1	0	3	135
T=1295	61	1	0	3	135
T=1296	61	1	0	2	136
T=1297	61	0	1	2	136
T=1298	60	1	0	3	136
T=1299	60	1	0	3	136
T=1300	60	1	0	2	137
T=1301	60	1	0	2	137
T=1302	60	1	0	2	137
T=1303	60	1	0	2	137
T=1304	60	1	0	2	137
T=1305	60	1	0	2	137
T=1306	60	1	0	1	138
T=1307	60	1	0	1	138
T=1308	60	1	0	1	138
T=1309	60	1	0	1	138
T=1310	60	1	0	1	138
T=1311	60	1	0	1	138
T=1312	60	0	1	1	138
T=1313	59	1	0	2	138
T=1314	59	1	0	2	138
T=1315	59	1	0	2	138
T=1316	59	1	0	2	138
T=1317	59	1	0	2	138
T=1318	59	1	0	2	138
T=1319	59	1	0	2	138
T=1320	59	0	1	2	138
T=1321	58	1	0	3	138
T=1322	58	1	0	3	138
T=1323	58	1	0	2	139
T=1324	58	1	0	2	139
T=1325	58	1	0	2	139
T=1326	58	1	0	2	139
T=1327	58	1	0	2	139
T=1328	58	0	1	2	139
T=1329	57	1	0	3	139
T=1330	57	1	0	3	139
T=1331	57	1	0	3	139
T=1332	57	1	0	3	139
T=1333	57	1	0	3	139
T=1334	57	0	1	3	139
T=1335	56	1	0	4	139
T=1336	56	1	0	4	139
T=1337	56	1	0	4	139
T=1338	56	1	0	4	139
T=1339	56	1	0	4	139
T=1340	56	0	1	4	139
T=1341	55	1	0	5	139
T=1342	55	1	0	5	139
T=1343	55	1	0	4	140
T=1344	55	1	0	4	140
T=1345	55	1	0	4	140
T=1346	55	1	0	3	141
T=1347	55	1	0	3	141
T=1348	55	0	1	3	141
T=1349	54	1	0	3	142
T=1350	54	1	0	2	143
T=1351	54	1	0	2	143
T=1352	54	1	0	2	143
T=1353	54	1	0	2	143
T=1354	54	0	1	1	144
T=1355	53	1	0	2	144
T=1356	53	1	0	2	144
T=1357	53	1	0	2	144
T=1358	53	1	0	2	144
T=1359	53	1	0	2	144
T=1360	53	1	0	2	144
T=1361	53	1	0	2	144
T=1362	53	0	1	2	144
T=1363	52	1	0	2	145
T=1364	52	1	0	2	145
T=1365	52	1	0	2	145
T=1366	52	1	0	2	145
T=1367	52	1	0	2	145
T=1368	52	1	0	2	145
T=1369	52	1	0	2	145
T=1370	52	1	0	2	145
T=1371	52	1	0	2	145
T=1372	52	1	0	2	145
T=1373	52	1	0	2	145
T=1374	52	1	0	1	146
T=1375	52	1	0	1	146
T=1376	52	1	0	1	146
T=1377	52	0	1	1	146
T=1378	51	1	0	2	146
T=1379	51	1	0	2	146
T=1380	51	1	0	2	146
T=1381	51	1	0	2	146
T=1382	51	1	0	2	146
T=1383	51	0	1	2	146
T=1384	50	1	0	3	146
T=1385	50	1	0	3	146
T=1386	50	1	0	3	146
T=1387	50	1	0	3	146
T=1388	50	1	0	2	147
T=1389	50	0	1	2	147
T=1390	49	1	0	3	147
T=1391	49	1	0	3	147
T=1392	49	1	0	2	148
T=1393	49	1	0	2	148
T=1394	49	1	0	2	148
T=1395	49	1	0	2	148
T=1396	49	1	0	2	148
T=1397	49	1	0	2	148
T=1398	49	1	0	1	149
T=1399	49	1	0	1	149
T=1400	49	1	0	1	149
T=1401	49	1	0	1	149
T=1402	49	1	0	1	149
T=1403	49	1	0	1	149
T=1404	49	0	1	1	149
T=1405	48	1	0	2	149
T=1406	48	1	0	2	149
T=1407	48	1	0	2	149
T=1408	48	1	0	2	149
T=1409	48	1	0	2	149
T=1410	48	1	0	2	149
T=1411	48	1	0	2	149
T=1412	48	0	1	2	149
T=1413	47	1	0	3	149
T=1414	47	1	0	3	149
T=1415	47	1	0	2	150
T=1416	47	1	0	2	150
T=1417	47	1	0	2	150
T=1418	47	0	1	2	150
T=1419	46	1	0	3	150
T=1420	46	1	0	3	150
T=1421	46	1	0	3	150
T=1422	46	1	0	3	150
T=1423	46	1	0	3	150
T=1424	46	1	0	3	150
T=1425	46	1	0	3	150
T=1426	46	1	0	3	150
T=1427	46	1	0	2	151
T=1428	46	1	0	2	151
T=1429	46	1	0	2	151
T=1430	46	1	0	2	151
T=1431	46	1	0	2	151
T=1432	46	1	0	2	151
T=1433	46	0	1	2	151
T=1434	45	1	0	3	151
T=1435	45	1	0	3	151
T=1436	45	1	0	3	151
T=1437	45	1	0	3	151
T=1438	45	1	0	2	152
T=1439	45	1	0	2	152
T=1440	45	1	0	2	152
T=1441	45	0	1	2	152
T=1442	44	1	0	2	153
T=1443	44	1	0	2	153
T=1444	44	1	0	2	153
T=1445	44	1	0	2	153
T=1446	44	1	0	2	153
T=1447	44	1	0	2	153
T=1448	44	1	0	2	153
T=1449	44	0	1	2	153
T=1450	43	1	0	3	153
T=1451	43	1	0	3	153
T=1452	43	1	0	3	153
T=1453	43	1	0	3	153
T=1454	43	1	0	3	153
T=1455	43	0	1	3	153
T=1456	42	1	0	4	153
T=1457	42	1	0	4	153
T=1458	42	1	0	4	153
T=1459	42	1	0	4	153
T=1460	42	1	0	4	153
T=1461	42	0	1	4	153
T=1462	41	1	0	5	153
T=1463	41	1	0	5	153
T=1464	41	1	0	4	154
T=1465	41	1	0	4	154
T=1466	41	1	0	4	154
T=1467	41	0	1	3	155
T=1468	40	1	0	4	155
T=1469	40	1	0	4	155
T=1470	40	1	0	3	156
T=1471	40	1	0	2	157
T=1472	40	1	0	2	157
T=1473	40	1	0	2	157
T=1474	40	1	0	2	157
T=1475	40	1	0	1	158
T=1476	40	1	0	0	159
T=1477	40	1	0	0	159
T=1478	40	1	0	0	159
T=1479	40	1	0	0	159
T=1480	40	1	0	0	159
T=1481	40	1	0	0	159
T=1482	40	0	1	0	159
T=1483	39	1	0	1	159
T=1484	39	1	0	1	159
T=1485	39	1	0	1	159
T=1486	39	1	0	1	159
T=1487	39	1	0	1	159
T=1488	39	0	1	1	159
T=1489	38	1	0	2	159
T=1490	38	1	0	2	159
T=1491	38	1	0	2	159
T=1492	38	1	0	2	159
T=1493	38	1	0	2	159
T=1494	38	1	0	2	159
T=1495	38	1	0	2	159
T=1496	38	1	0	2	159
T=1497	38	1	0	1	160
T=1498	38	1	0	1	160
T=1499	38	1	0	1	160
T=1500	38	1	0	1	160
T=1501	38	1	0	1	160
T=1502	38	1	0	1	160
T=1503	38	0	1	1	160
T=1504	37	1	0	2	160
T=1505	37	1	0	2	160
T=1506	37	1	0	2	160
T=1507	37	1	0	2	160
T=1508	37	1	0	2	160
T=1509	37	0	1	2	160
T=1510	36	1	0	3	160
T=1511	36	1	0	3	160
T=1512	36	1	0	3	160
T=1513	36	1	0	3	160
T=1514	36	1	0	3	160
T=1515	36	1	0	3	160
T=1516	36	1	0	3	160
T=1517	36	0	1	3	160
T=1518	35	1	0	3	161
T=1519	35	1	0	3	161
T=1520	35	1	0	2	162
T=1521	35	1	0	2	162
T=1522	35	1	0	2	162
T=1523	35	1	0	2	162
T=1524	35	1	0	2	162
T=1525	35	1	0	2	162
T=1526	35	1	0	2	162
T=1527	35	1	0	2	162
T=1528	35	1	0	2	162
T=1529	35	1	0	2	162
T=1530	35	1	0	2	162
T=1531	35	1	0	2	162
T=1532	35	0	1	2	162
T=1533	34	1	0	3	162
T=1534	34	1	0	3	162
T=1535	34	1	0	3	162
T=1536	34	1	0	3	162
T=1537	34	1	0	3	162
T=1538	34	0	1	3	162
T=1539	33	1	0	4	162
T=1540	33	1	0	4	162
T=1541	33	1	0	3	163
T=1542	33	1	0	3	163
T=1543	33	1	0	2	164
T=1544	33	1	0	2	164
T=1545	33	1	0	2	164
T=1546	33	0	1	2	164
T=1547	32	1	0	2	165
T=1548	32	1	0	2	165
T=1549	32	1	0	2	165
T=1550	32	1	0	2	165
T=1551	32	1	0	2	165
T=1552	32	0	1	2	165
T=1553	31	1	0	3	165
T=1554	31	1	0	3	165
T=1555	31	1	0	3	165
T=1556	31	1	0	3	165
T=1557	31	1	0	3	165
T=1558	31	0	1	3	165
T=1559	30	1	0	4	165
T=1560	30	1	0	4	165
T=1561	30	1	0	3	166
T=1562	30	1	0	3	166
T=1563	30	1	0	3	166
T=1564	30	1	0	3	166
T=1565	30	1	0	3	166
T=1566	30	1	0	3	166
T=1567	30	1	0	2	167
T=1568	30	1	0	2	167
T=1569	30	1	0	2	167
T=1570	30	1	0	1	168
T=1571	30	1	0	1	168
T=1572	30	1	0	0	169
T=1573	30	0	1	0	169
T=1574	29	1	0	1	169
T=1575	29	1	0	1	169
T=1576	29	1	0	1	169
T=1577	29	1	0	1	169
T=1578	29	1	0	1	169
T=1579	29	1	0	1	169
T=1580	29	1	0	1	169
T=1581	29	0	1	1	169
T=1582	28	1	0	2	169
T=1583	28	1	0	2	169
T=1584	28	1	0	2	169
T=1585	28	1	0	2	169
T=1586	28	1	0	2	169
T=1587	28	1	0	2	169
T=1588	28	1	0	2	169
T=1589	28	1	0	2	169
T=1590	28	1	0	2	169
T=1591	28	1	0	2	169
T=1592	28	1	0	2	169
T=1593	28	1	0	2	169
T=1594	28	1	0	2	169
T=1595	28	1	0	2	169
T=1596	28	0	1	2	169
T=1597	27	1	0	3	169
T=1598	27	1	0	3	169
T=1599	27	1	0	3	169
T=1600	27	1	0	3	169
T=1601	27	1	0	3	169
T=1602	27	0	1	3	169
T=1603	26	1	0	4	169
T=1604	26	1	0	4	169
T=1605	26	1	0	4	169
T=1606	26	1	0	4	169
T=1607	26	1	0	3	170
T=1608	26	1	0	3	170
T=1609	26	1	0	3	170
T=1610	26	0	1	3	170
T=1611	25	1	0	2	172
T=1612	25	1	0	2	172
T=1613	25	1	0	2	172
T=1614	25	1	0	2	172
T=1615	25	1	0	2	172
T=1616	25	1	0	2	172
T=1617	25	1	0	2	172
T=1618	25	0	1	2	172
T=1619	24	1	0	3	172
T=1620	24	1	0	3	172
T=1621	24	1	0	3	172
T=1622	24	1	0	3	172
T=1623	24	1	0	3	172
T=1624	24	1	0	3	172
T=1625	24	1	0	3	172
T=1626	24	1	0	3	172
T=1627	24	1	0	3	172
T=1628	24	1	0	3	172
T=1629	24	1	0	3	172
T=1630	24	1	0	3	172
T=1631	24	1	0	3	172
T=1632	24	1	0	3	172
T=1633	24	0	1	3	172
T=1634	23	1	0	3	173
T=1635	23	1	0	3	173
T=1636	23	1	0	2	174
T=1637	23	1	0	2	174
T=1638	23	1	0	2	174
T=1639	23	1	0	2	174
T=1640	23	1	0	2	174
T=1641	23	0	1	2	174
T=1642	22	1	0	3	174
T=1643	22	1	0	3	174
T=1644	22	1	0	2	175
T=1645	22	1	0	2	175
T=1646	22	1	0	2	175
T=1647	22	1	0	2	175
T=1648	22	1	0	2	175
T=1649	22	0	1	2	175
T=1650	21	1	0	3	175
T=1651	21	1	0	3	175
T=1652	21	1	0	3	175
T=1653	21	1	0	3	175
T=1654	21	1	0	3	175
T=1655	21	0	1	3	175
T=1656	20	1	0	4	175
T=1657	20	1	0	4	175
T=1658	20	1	0	4	175
T=1659	20	1	0	4	175
T=1660	20	1	0	4	175
T=1661	20	1	0	4	175
T=1662	20	1	0	4	175
T=1663	20	0	1	4	175
T=1664	19	1	0	4	176
T=1665	19	1	0	4	176
T=1666	19	1	0	4	176
T=1667	19	1	0	3	177
T=1668	19	1	0	3	177
T=1669	19	1	0	3	177
T=1670	19	1	0	3	177
T=1671	19	1	0	2	178
T=1672	19	1	0	2	178
T=1673	19	1	0	2	178
T=1674	19	1	0	2	178
T=1675	19	1	0	1	179
T=1676	19	1	0	1	179
T=1677	19	1	0	1	179
T=1678	19	0	1	1	179
T=1679	18	1	0	2	179
T=1680	18	1	0	2	179
T=1681	18	1	0	2	179
T=1682	18	1	0	2	179
T=1683	18	1	0	2	179
T=1684	18	1	0	2	179
T=1685	18	1	0	2	179
T=1686	18	1	0	2	179
T=1687	18	1	0	2	179
T=1688	18	1	0	2	179
T=1689	18	1	0	1	180
T=1690	18	1	0	1	180
T=1691	18	1	0	1	180
T=1692	18	1	0	1	180
T=1693	18	0	1	1	180
T=1694	17	1	0	2	180
T=1695	17	1	0	2	180
T=1696	17	1	0	2	180
T=1697	17	1	0	2	180
T=1698	17	1	0	2	180
T=1699	17	1	0	2	180
T=1700	17	1	0	2	180
T=1701	17	0	1	2	180
T=1702	16	1	0	3	180
T=1703	16	1	0	3	180
T=1704	16	1	0	3	180
T=1705	16	1	0	3	180
T=1706	16	1	0	3	180
T=1707	16	1	0	3	180
T=1708	16	1	0	3	180
T=1709	16	0	1	3	180
T=1710	15	1	0	4	180
T=1711	15	1	0	4	180
T=1712	15	1	0	4	180
T=1713	15	1	0	4	180
T=1714	15	1	0	4	180
T=1715	15	1	0	4	180
T=1716	15	1	0	3	181
T=1717	15	1	0	3	181
T=1718	15	1	0	3	181
T=1719	15	1	0	3	181
T=1720	15	1	0	3	181
T=1721	15	1	0	3	181
T=1722	15	1	0	3	181
T=1723	15	1	0	3	181
T=1724	15	0	1	3	181
T=1725	14	1	0	4	181
T=1726	14	1	0	4	181
T=1727	14	1	0	3	182
T=1728	14	1	0	3	182
T=1729	14	1	0	3	182
T=1730	14	1	0	3	182
T=1731	14	1	0	2	183
T=1732	14	1	0	2	183
T=1733	14	1	0	2	183
T=1734	14	1	0	2	183
T=1735	14	1	0	1	184
T=1736	14	1	0	1	184
T=1737	14	1	0	1	184
T=1738	14	1	0	1	184
T=1739	14	0	1	1	184
T=1740	13	1	0	2	184
T=1741	13	1	0	2	184
T=1742	13	1	0	2	184
T=1743	13	1	0	2	184
T=1744	13	1	0	2	184
T=1745	13	1	0	2	184
T=1746	13	1	0	2	184
T=1747	13	0	1	2	184
T=1748	12	1	0	3	184
T=1749	12	1	0	3	184
T=1750	12	1	0	3	184
T=1751	12	1	0	3	184
T=1752	12	1	0	3	184
T=1753	12	1	0	3	184
T=1754	12	1	0	3	184
T=1755	12	0	1	3	184
T=1756	11	1	0	4	184
T=1757	11	1	0	4	184
T=1758	11	1	0	4	184
T=1759	11	1	0	4	184
T=1760	11	1	0	4	184
T=1761	11	1	0	4	184
T=1762	11	1	0	3	185
T=1763	11	0	1	3	185
T=1764	10	1	0	4	185
T=1765	10	1	0	4	185
T=1766	10	1	0	4	185
T=1767	10	1	0	4	185
T=1768	10	1	0	4	185
T=1769	10	1	0	4	185
T=1770	10	1	0	4	185
T=1771	10	0	1	4	185
T=1772	9	1	0	5	185
T=1773	9	1	0	4	186
T=1774	9	1	0	4	186
T=1775	9	1	0	4	186
T=1776	9	1	0	4	186
T=1777	9	1	0	3	187
T=1778	9	1	0	3	187
T=1779	9	0	1	3	187
T=1780	8	1	0	4	187
T=1781	8	1	0	3	188
T=1782	8	1	0	3	188
T=1783	8	1	0	3	188
T=1784	8	1	0	3	188
T=1785	8	1	0	3	188
T=1786	8	1	0	3	188
T=1787	8	1	0	3	188
T=1788	8	1	0	3	188
T=1789	8	1	0	2	189
T=1790	8	1	0	2	189
T=1791	8	1	0	2	189
T=1792	8	1	0	2	189
T=1793	8	1	0	2	189
T=1794	8	0	1	2	189
T=1795	7	1	0	3	189
T=1796	7	1	0	3	189
T=1797	7	1	0	2	190
T=1798	7	1	0	2	190
T=1799	7	1	0	2	190
T=1800	7	1	0	2	190
T=1801	7	1	0	2	190
T=1802	7	1	0	2	190
T=1803	7	1	0	2	190
T=1804	7	1	0	2	190
T=1805	7	1	0	1	191
T=1806	7	1	0	1	191
T=1807	7	1	0	1	191
T=1808	7	1	0	1	191
T=1809	7	0	1	1	191
T=1810	6	1	0	2	191
T=1811	6	1	0	2	191
T=1812	6	1	0	2	191
T=1813	6	1	0	2	191
T=1814	6	1	0	2	191
T=1815	6	1	0	2	191
T=1816	6	1	0	2	191
T=1817	6	0	1	2	191
T=1818	5	1	0	3	191
T=1819	5	1	0	3	191
T=1820	5	1	0	3	191
T=1821	5	1	0	3	191
T=1822	5	1	0	3	191
T=1823	5	1	0	3	191
T=1824	5	1	0	3	191
T=1825	5	0	1	3	191
T=1826	4	1	0	4	191
T=1827	4	1	0	4	191
T=1828	4	1	0	4	191
T=1829	4	1	0	4	191
T=1830	4	1	0	4	191
T=1831	4	1	0	4	191
T=1832	4	1	0	3	192
T=1833	4	0	1	3	192
T=1834	3	1	0	4	192
T=1835	3	1	0	4	192
T=1836	3	1	0	4	192
T=1837	3	1	0	4	192
T=1838	3	1	0	4	192
T=1839	3	1	0	4	192
T=1840	3	1	0	4	192
T=1841	3	1	0	4	192
T=1842	3	1	0	4	192
T=1843	3	1	0	3	193
T=1844	3	1	0	3	193
T=1845	3	1	0	3	193
T=1846	3	1	0	3	193
T=1847	3	1	0	2	194
T=1848	3	0	1	2	194
T=1849	2	1	0	3	194
T=1850	2	1	0	3	194
T=1851	2	1	0	2	195
T=1852	2	1	0	2	195
T=1853	2	1	0	2	195
T=1854	2	1	0	2	195
T=1855	2	1	0	2	195
T=1856	2	0	1	2	195
T=1857	1	1	0	3	195
T=1858	1	1	0	3	195
T=1859	1	1	0	2	196
T=1860	1	1	0	2	196
T=1861	1	1	0	2	196
T=1862	1	0	1	2	196
T=1863	0	1	0	3	196
T=1864	0	1	0	3	196
T=1865	0	1	0	3	196
T=1866	0	1	0	3	196
T=1867	0	1	0	3	196
T=1868	0	1	0	3	196
T=1869	0	1	0	3	196
T=1870	0	1	0	3	196
T=1871	0	1	0	2	197
T=1872	0	1	0	2	197
T=1873	0	1	0	2	197
T=1874	0	1	0	2	197
T=1875	0	1	0	2	197
T=1876	0	1	0	2	197
T=1877	0	0	1	2	197
T=1878	0	0	0	3	197
T=1879	0	0	0	3	197
T=1880	0	0	0	3	197
T=1881	0	0	0	3	197
T=1882	0	0	0	2	198
T=1883	0	0	0	2	198
T=1884	0	0	0	2	198
T=1885	0	0	0	2	198
T=1886	0	0	0	1	199
T=1887	0	0	0	1	199
T=1888	0	0	0	1	199
T=1889	0	0	0	1	199
T=1890	0	0	0	1	199
T=1891	0	0	0	1	199
T=1892	0	0	0	1	199
T=1893	0	0	0	1	199
T=1894	0	0	0	1	199
T=1895	0	0	0	1	199
T=1896	0	0	0	1	199
T=1897	0	0	0	1	199
T=1898	0	0	0	1	199
T=1899	0	0	0	1	199
T=1900	0	0	0	1	199
T=1901	0	0	0	1	199
T=1902	0	0	0	1	199
T=1903	0	0	0	1	199
T=1904	0	0	0	1	199
T=1905	0	0	0	1	199
T=1906	0	0	0	1	199
T=1907	0	0	0	1	199
T=1908	0	0	0	1	199
T=1909	0	0	0	1	199
T=1910	0	0	0	1	199
T=1911	0	0	0	1	199
T=1912	0	0	0	1	199
T=1913	0	0	0	1	199
T=1914	0	0	0	1	199
T=1915	0	0	0	0	200
@@ Simulation Done. Great Job!!
